# JRE version: Java(TM) SE Runtime Environment (8.0_05-b13) (build 1.8.0_05-b13)
# Java VM: Java HotSpot(TM) 64-Bit Server VM (25.5-b02 mixed mode windows-amd64 compressed oops)
Heap:
 PSYoungGen      total 267776K, used 99273K [0x00000000eab00000, 0x0000000100000000, 0x0000000100000000)
  eden space 195584K, 22% used [0x00000000eab00000,0x00000000ed6ad0b8,0x00000000f6a00000)
  from space 72192K, 75% used [0x00000000fb500000,0x00000000fea45490,0x00000000ffb80000)
  to   space 76800K, 0% used [0x00000000f6a00000,0x00000000f6a00000,0x00000000fb500000)
 ParOldGen       total 206336K, used 172134K [0x00000000c0000000, 0x00000000cc980000, 0x00000000eab00000)
  object space 206336K, 83% used [0x00000000c0000000,0x00000000ca819a00,0x00000000cc980000)
 Metaspace       used 157137K, capacity 167496K, committed 167680K, reserved 1191936K
  class space    used 20930K, capacity 24513K, committed 24576K, reserved 1048576K
GC Heap History (10 events):
Event: 21341.395 GC heap before
{Heap before GC invocations=109 (full 25):
 PSYoungGen      total 258048K, used 200192K [0x00000000eab00000, 0x0000000100000000, 0x0000000100000000)
  eden space 200192K, 100% used [0x00000000eab00000,0x00000000f6e80000,0x00000000f6e80000)
  from space 57856K, 0% used [0x00000000f6e80000,0x00000000f6e80000,0x00000000fa700000)
  to   space 78336K, 0% used [0x00000000fb380000,0x00000000fb380000,0x0000000100000000)
 ParOldGen       total 206336K, used 172102K [0x00000000c0000000, 0x00000000cc980000, 0x00000000eab00000)
  object space 206336K, 83% used [0x00000000c0000000,0x00000000ca811a00,0x00000000cc980000)
 Metaspace       used 141753K, capacity 150228K, committed 151296K, reserved 1179648K
  class space    used 18621K, capacity 21491K, committed 22016K, reserved 1048576K
Event: 21341.406 GC heap after
Heap after GC invocations=109 (full 25):
 PSYoungGen      total 270848K, used 10338K [0x00000000eab00000, 0x0000000100000000, 0x0000000100000000)
  eden space 192512K, 0% used [0x00000000eab00000,0x00000000eab00000,0x00000000f6700000)
  from space 78336K, 13% used [0x00000000fb380000,0x00000000fbd98a80,0x0000000100000000)
  to   space 78336K, 0% used [0x00000000f6700000,0x00000000f6700000,0x00000000fb380000)
 ParOldGen       total 206336K, used 172102K [0x00000000c0000000, 0x00000000cc980000, 0x00000000eab00000)
  object space 206336K, 83% used [0x00000000c0000000,0x00000000ca811a00,0x00000000cc980000)
 Metaspace       used 141753K, capacity 150228K, committed 151296K, reserved 1179648K
  class space    used 18621K, capacity 21491K, committed 22016K, reserved 1048576K
}
Event: 21345.076 GC heap before
{Heap before GC invocations=110 (full 25):
 PSYoungGen      total 270848K, used 202850K [0x00000000eab00000, 0x0000000100000000, 0x0000000100000000)
  eden space 192512K, 100% used [0x00000000eab00000,0x00000000f6700000,0x00000000f6700000)
  from space 78336K, 13% used [0x00000000fb380000,0x00000000fbd98a80,0x0000000100000000)
  to   space 78336K, 0% used [0x00000000f6700000,0x00000000f6700000,0x00000000fb380000)
 ParOldGen       total 206336K, used 172102K [0x00000000c0000000, 0x00000000cc980000, 0x00000000eab00000)
  object space 206336K, 83% used [0x00000000c0000000,0x00000000ca811a00,0x00000000cc980000)
 Metaspace       used 145498K, capacity 154248K, committed 154880K, reserved 1181696K
  class space    used 19232K, capacity 22180K, committed 22528K, reserved 1048576K
Event: 21345.135 GC heap after
Heap after GC invocations=110 (full 25):
 PSYoungGen      total 214528K, used 21842K [0x00000000eab00000, 0x00000000ffa00000, 0x0000000100000000)
  eden space 192512K, 0% used [0x00000000eab00000,0x00000000eab00000,0x00000000f6700000)
  from space 22016K, 99% used [0x00000000f6700000,0x00000000f7c54b88,0x00000000f7c80000)
  to   space 75264K, 0% used [0x00000000fb080000,0x00000000fb080000,0x00000000ffa00000)
 ParOldGen       total 206336K, used 172110K [0x00000000c0000000, 0x00000000cc980000, 0x00000000eab00000)
  object space 206336K, 83% used [0x00000000c0000000,0x00000000ca813a00,0x00000000cc980000)
 Metaspace       used 145498K, capacity 154248K, committed 154880K, reserved 1181696K
  class space    used 19232K, capacity 22180K, committed 22528K, reserved 1048576K
}
Event: 21346.516 GC heap before
{Heap before GC invocations=111 (full 25):
 PSYoungGen      total 214528K, used 214354K [0x00000000eab00000, 0x00000000ffa00000, 0x0000000100000000)
  eden space 192512K, 100% used [0x00000000eab00000,0x00000000f6700000,0x00000000f6700000)
  from space 22016K, 99% used [0x00000000f6700000,0x00000000f7c54b88,0x00000000f7c80000)
  to   space 75264K, 0% used [0x00000000fb080000,0x00000000fb080000,0x00000000ffa00000)
 ParOldGen       total 206336K, used 172110K [0x00000000c0000000, 0x00000000cc980000, 0x00000000eab00000)
  object space 206336K, 83% used [0x00000000c0000000,0x00000000ca813a00,0x00000000cc980000)
 Metaspace       used 150058K, capacity 159570K, committed 160000K, reserved 1185792K
  class space    used 19855K, capacity 23076K, committed 23296K, reserved 1048576K
Event: 21346.546 GC heap after
Heap after GC invocations=111 (full 25):
 PSYoungGen      total 269312K, used 38995K [0x00000000eab00000, 0x0000000100000000, 0x0000000100000000)
  eden space 194048K, 0% used [0x00000000eab00000,0x00000000eab00000,0x00000000f6880000)
  from space 75264K, 51% used [0x00000000fb080000,0x00000000fd694cc0,0x00000000ffa00000)
  to   space 73728K, 0% used [0x00000000f6880000,0x00000000f6880000,0x00000000fb080000)
 ParOldGen       total 206336K, used 172118K [0x00000000c0000000, 0x00000000cc980000, 0x00000000eab00000)
  object space 206336K, 83% used [0x00000000c0000000,0x00000000ca815a00,0x00000000cc980000)
 Metaspace       used 150058K, capacity 159570K, committed 160000K, reserved 1185792K
  class space    used 19855K, capacity 23076K, committed 23296K, reserved 1048576K
}
Event: 22163.786 GC heap before
{Heap before GC invocations=112 (full 25):
 PSYoungGen      total 269312K, used 233043K [0x00000000eab00000, 0x0000000100000000, 0x0000000100000000)
  eden space 194048K, 100% used [0x00000000eab00000,0x00000000f6880000,0x00000000f6880000)
  from space 75264K, 51% used [0x00000000fb080000,0x00000000fd694cc0,0x00000000ffa00000)
  to   space 73728K, 0% used [0x00000000f6880000,0x00000000f6880000,0x00000000fb080000)
 ParOldGen       total 206336K, used 172118K [0x00000000c0000000, 0x00000000cc980000, 0x00000000eab00000)
  object space 206336K, 83% used [0x00000000c0000000,0x00000000ca815a00,0x00000000cc980000)
 Metaspace       used 151533K, capacity 161286K, committed 161664K, reserved 1187840K
  class space    used 20114K, capacity 23433K, committed 23680K, reserved 1048576K
Event: 22163.839 GC heap after
Heap after GC invocations=112 (full 25):
 PSYoungGen      total 267776K, used 38990K [0x00000000eab00000, 0x00000000ffb80000, 0x0000000100000000)
  eden space 194048K, 0% used [0x00000000eab00000,0x00000000eab00000,0x00000000f6880000)
  from space 73728K, 52% used [0x00000000f6880000,0x00000000f8e938d0,0x00000000fb080000)
  to   space 72192K, 0% used [0x00000000fb500000,0x00000000fb500000,0x00000000ffb80000)
 ParOldGen       total 206336K, used 172126K [0x00000000c0000000, 0x00000000cc980000, 0x00000000eab00000)
  object space 206336K, 83% used [0x00000000c0000000,0x00000000ca817a00,0x00000000cc980000)
 Metaspace       used 151533K, capacity 161286K, committed 161664K, reserved 1187840K
  class space    used 20114K, capacity 23433K, committed 23680K, reserved 1048576K
}
Event: 22166.147 GC heap before
{Heap before GC invocations=113 (full 25):
 PSYoungGen      total 267776K, used 233038K [0x00000000eab00000, 0x00000000ffb80000, 0x0000000100000000)
  eden space 194048K, 100% used [0x00000000eab00000,0x00000000f6880000,0x00000000f6880000)
  from space 73728K, 52% used [0x00000000f6880000,0x00000000f8e938d0,0x00000000fb080000)
  to   space 72192K, 0% used [0x00000000fb500000,0x00000000fb500000,0x00000000ffb80000)
 ParOldGen       total 206336K, used 172126K [0x00000000c0000000, 0x00000000cc980000, 0x00000000eab00000)
  object space 206336K, 83% used [0x00000000c0000000,0x00000000ca817a00,0x00000000cc980000)
 Metaspace       used 155735K, capacity 165974K, committed 166144K, reserved 1191936K
  class space    used 20683K, capacity 24231K, committed 24320K, reserved 1048576K
Event: 22166.188 GC heap after
Heap after GC invocations=113 (full 25):
 PSYoungGen      total 267776K, used 54549K [0x00000000eab00000, 0x0000000100000000, 0x0000000100000000)
  eden space 195584K, 0% used [0x00000000eab00000,0x00000000eab00000,0x00000000f6a00000)
  from space 72192K, 75% used [0x00000000fb500000,0x00000000fea45490,0x00000000ffb80000)
  to   space 76800K, 0% used [0x00000000f6a00000,0x00000000f6a00000,0x00000000fb500000)
 ParOldGen       total 206336K, used 172134K [0x00000000c0000000, 0x00000000cc980000, 0x00000000eab00000)
  object space 206336K, 83% used [0x00000000c0000000,0x00000000ca819a00,0x00000000cc980000)
 Metaspace       used 155735K, capacity 165974K, committed 166144K, reserved 1191936K
  class space    used 20683K, capacity 24231K, committed 24320K, reserved 1048576K
}

